admin['$cmd'].find({:ismaster=>1}, {}).limit(-1)
admin['$cmd'].find({:buildinfo=>1}, {}).limit(-1)
admin['$cmd'].find({:ismaster=>1}, {}).limit(-1)
admin['$cmd'].find({:buildinfo=>1}, {}).limit(-1)
admin['$cmd'].find({:ismaster=>1}, {}).limit(-1)
admin['$cmd'].find({:buildinfo=>1}, {}).limit(-1)
admin['$cmd'].find({:ismaster=>1}, {}).limit(-1)
admin['$cmd'].find({:buildinfo=>1}, {}).limit(-1)
admin['$cmd'].find({:ismaster=>1}, {}).limit(-1)
admin['$cmd'].find({:buildinfo=>1}, {}).limit(-1)


Started GET "/sites/new" for 127.0.0.1 at 2010-11-27 19:03:36 -0800
  Processing by SitesController#new as HTML
Rendered sites/_form.html.haml (9.2ms)
Rendered sites/new.html.haml within layouts/application (14.8ms)
Completed 200 OK in 27ms (Views: 25.9ms)


Started GET "/javascripts/jquery.js" for 127.0.0.1 at 2010-11-27 19:03:37 -0800

ActionController::RoutingError (No route matches "/javascripts/jquery.js"):
  

Rendered /usr/lib/ruby/gems/1.9.2/gems/actionpack-3.0.3/lib/action_dispatch/middleware/templates/rescues/routing_error.erb within rescues/layout (1.2ms)


Started POST "/sites" for 127.0.0.1 at 2010-11-27 19:03:48 -0800
  Processing by SitesController#create as HTML
  Parameters: {"utf8"=>"✓", "authenticity_token"=>"f9bhgSFBDPKl6c7NxQeoYuW64UfDnVJrK/XbeKs2ddQ=", "site"=>{"domain"=>"coolio.com", "title"=>"Tyler's Web Site", "body"=>"Nice Body!!!"}, "commit"=>"Save"}
MONGODB whisper_development['sites'].insert([{"domain"=>"coolio.com", "title"=>"Tyler's Web Site", "body"=>"Nice Body!!!", "_id"=>BSON::ObjectId('4cf1c694665fc96830000002')}])
Redirected to http://localhost:3000/sites/4cf1c694665fc96830000002
Completed 302 Found in 14ms


Started GET "/sites/4cf1c694665fc96830000002" for 127.0.0.1 at 2010-11-27 19:03:48 -0800
  Processing by SitesController#show as HTML
  Parameters: {"id"=>"4cf1c694665fc96830000002"}
whisper_development['sites'].find({:_id=>BSON::ObjectId('4cf1c694665fc96830000002')}, {}).limit(-1)
ERROR: compiling _app_views_sites_show_html_haml___17483335_91615320_381911189 RAISED /home/tyler/ruby/current/whisper/app/views/sites/show.html.haml:13: syntax error, unexpected tIVAR, expecting keyword_do or '{' or '('
Function body:           def _app_views_sites_show_html_haml___17483335_91615320_381911189(local_assigns)
            _old_virtual_path, @_virtual_path = @_virtual_path, "sites/show";_old_output_buffer = @output_buffer;;begin;extend Haml::Helpers;_hamlout = @haml_buffer = Haml::Buffer.new(@haml_buffer, {:autoclose=>["meta", "img", "link", "br", "hr", "input", "area", "param", "col", "base"], :preserve=>["textarea", "pre", "code"], :attr_wrapper=>"'", :ugly=>false, :format=>:html5, :encoding=>"UTF-8", :escape_html=>true});_erbout = _hamlout.buffer;__in_erb_template = true;;_hamlout.push_text("<p id='notice'>#{_hamlout.adjust_tabs(1); _hamlout.format_script_false_true_false_true_false_true_false((notice
));}</p>\n<p>\n  <b>Domain:</b>\n  #{


_hamlout.adjust_tabs(1); _hamlout.format_script_false_false_false_true_false_true_false(( @site.domain
));}\n</p>\n<p>\n  <b>Title:</b>\n  #{

_hamlout.format_script_false_false_false_true_false_true_false(( @site.title
));}\n</p>\n<p>\n  <b>Body:</b>\n  #{

_hamlout.format_script_false_false_false_true_false_true_false(( @site.body
));}\n</p>\n#{
_hamlout.adjust_tabs(-1); _hamlout.format_script_false_false_false_true_false_true_false(( link_to 'Edit', edit_@site
));}\n|\n#{
_hamlout.format_script_false_false_false_true_false_true_false(( link_to 'Back', sites_path
));}\n", 0, false);::Haml::Util.html_safe(_erbout);ensure;@haml_buffer = @haml_buffer.upper;end;
          ensure
            @_virtual_path, @output_buffer = _old_virtual_path, _old_output_buffer
          end
Backtrace: /usr/lib/ruby/gems/1.9.2/gems/actionpack-3.0.3/lib/action_view/template.rb:255:in `module_eval'
/usr/lib/ruby/gems/1.9.2/gems/actionpack-3.0.3/lib/action_view/template.rb:255:in `compile'
/usr/lib/ruby/gems/1.9.2/gems/actionpack-3.0.3/lib/action_view/template.rb:134:in `block in render'
/usr/lib/ruby/gems/1.9.2/gems/activesupport-3.0.3/lib/active_support/notifications.rb:54:in `instrument'
/usr/lib/ruby/gems/1.9.2/gems/actionpack-3.0.3/lib/action_view/template.rb:127:in `render'
/usr/lib/ruby/gems/1.9.2/gems/actionpack-3.0.3/lib/action_view/render/rendering.rb:59:in `block in _render_template'
/usr/lib/ruby/gems/1.9.2/gems/activesupport-3.0.3/lib/active_support/notifications.rb:52:in `block in instrument'
/usr/lib/ruby/gems/1.9.2/gems/activesupport-3.0.3/lib/active_support/notifications/instrumenter.rb:21:in `instrument'
/usr/lib/ruby/gems/1.9.2/gems/activesupport-3.0.3/lib/active_support/notifications.rb:52:in `instrument'
/usr/lib/ruby/gems/1.9.2/gems/actionpack-3.0.3/lib/action_view/render/rendering.rb:56:in `_render_template'
/usr/lib/ruby/gems/1.9.2/gems/actionpack-3.0.3/lib/action_view/render/rendering.rb:26:in `render'
/usr/lib/ruby/gems/1.9.2/gems/haml-3.0.22/lib/haml/helpers/action_view_mods.rb:13:in `render_with_haml'
/usr/lib/ruby/gems/1.9.2/gems/actionpack-3.0.3/lib/abstract_controller/rendering.rb:114:in `_render_template'
/usr/lib/ruby/gems/1.9.2/gems/actionpack-3.0.3/lib/abstract_controller/rendering.rb:108:in `render_to_body'
/usr/lib/ruby/gems/1.9.2/gems/actionpack-3.0.3/lib/action_controller/metal/renderers.rb:47:in `render_to_body'
/usr/lib/ruby/gems/1.9.2/gems/actionpack-3.0.3/lib/action_controller/metal/compatibility.rb:55:in `render_to_body'
/usr/lib/ruby/gems/1.9.2/gems/actionpack-3.0.3/lib/abstract_controller/rendering.rb:101:in `render_to_string'
/usr/lib/ruby/gems/1.9.2/gems/actionpack-3.0.3/lib/abstract_controller/rendering.rb:92:in `render'
/usr/lib/ruby/gems/1.9.2/gems/actionpack-3.0.3/lib/action_controller/metal/rendering.rb:17:in `render'
/usr/lib/ruby/gems/1.9.2/gems/actionpack-3.0.3/lib/action_controller/metal/instrumentation.rb:40:in `block (2 levels) in render'
/usr/lib/ruby/gems/1.9.2/gems/activesupport-3.0.3/lib/active_support/core_ext/benchmark.rb:5:in `block in ms'
/usr/lib/ruby/1.9.2/benchmark.rb:309:in `realtime'
/usr/lib/ruby/gems/1.9.2/gems/activesupport-3.0.3/lib/active_support/core_ext/benchmark.rb:5:in `ms'
/usr/lib/ruby/gems/1.9.2/gems/actionpack-3.0.3/lib/action_controller/metal/instrumentation.rb:40:in `block in render'
/usr/lib/ruby/gems/1.9.2/gems/actionpack-3.0.3/lib/action_controller/metal/instrumentation.rb:78:in `cleanup_view_runtime'
/usr/lib/ruby/gems/1.9.2/gems/actionpack-3.0.3/lib/action_controller/metal/instrumentation.rb:39:in `render'
/usr/lib/ruby/gems/1.9.2/gems/actionpack-3.0.3/lib/action_controller/metal/implicit_render.rb:10:in `default_render'
/usr/lib/ruby/gems/1.9.2/gems/actionpack-3.0.3/lib/action_controller/metal/mime_responds.rb:261:in `block in retrieve_response_from_mimes'
/usr/lib/ruby/gems/1.9.2/gems/actionpack-3.0.3/lib/action_controller/metal/responder.rb:190:in `call'
/usr/lib/ruby/gems/1.9.2/gems/actionpack-3.0.3/lib/action_controller/metal/responder.rb:190:in `default_render'
/usr/lib/ruby/gems/1.9.2/gems/actionpack-3.0.3/lib/action_controller/metal/responder.rb:126:in `to_html'
/usr/lib/ruby/gems/1.9.2/gems/responders-0.6.2/lib/responders/flash_responder.rb:93:in `to_html'
/usr/lib/ruby/gems/1.9.2/gems/actionpack-3.0.3/lib/action_controller/metal/responder.rb:119:in `respond'
/usr/lib/ruby/gems/1.9.2/gems/actionpack-3.0.3/lib/action_controller/metal/responder.rb:112:in `call'
/usr/lib/ruby/gems/1.9.2/gems/actionpack-3.0.3/lib/action_controller/metal/mime_responds.rb:232:in `respond_with'
/usr/lib/ruby/gems/1.9.2/gems/inherited_resources-1.1.2/lib/inherited_resources/actions.rb:13:in `show'
/usr/lib/ruby/gems/1.9.2/gems/actionpack-3.0.3/lib/action_controller/metal/implicit_render.rb:4:in `send_action'
/usr/lib/ruby/gems/1.9.2/gems/actionpack-3.0.3/lib/abstract_controller/base.rb:151:in `process_action'
/usr/lib/ruby/gems/1.9.2/gems/actionpack-3.0.3/lib/action_controller/metal/rendering.rb:11:in `process_action'
/usr/lib/ruby/gems/1.9.2/gems/actionpack-3.0.3/lib/abstract_controller/callbacks.rb:18:in `block in process_action'
/usr/lib/ruby/gems/1.9.2/gems/activesupport-3.0.3/lib/active_support/callbacks.rb:435:in `_run__451426591__process_action__127970108__callbacks'
/usr/lib/ruby/gems/1.9.2/gems/activesupport-3.0.3/lib/active_support/callbacks.rb:409:in `_run_process_action_callbacks'
/usr/lib/ruby/gems/1.9.2/gems/activesupport-3.0.3/lib/active_support/callbacks.rb:93:in `run_callbacks'
/usr/lib/ruby/gems/1.9.2/gems/actionpack-3.0.3/lib/abstract_controller/callbacks.rb:17:in `process_action'
/usr/lib/ruby/gems/1.9.2/gems/actionpack-3.0.3/lib/action_controller/metal/instrumentation.rb:30:in `block in process_action'
/usr/lib/ruby/gems/1.9.2/gems/activesupport-3.0.3/lib/active_support/notifications.rb:52:in `block in instrument'
/usr/lib/ruby/gems/1.9.2/gems/activesupport-3.0.3/lib/active_support/notifications/instrumenter.rb:21:in `instrument'
/usr/lib/ruby/gems/1.9.2/gems/activesupport-3.0.3/lib/active_support/notifications.rb:52:in `instrument'
/usr/lib/ruby/gems/1.9.2/gems/actionpack-3.0.3/lib/action_controller/metal/instrumentation.rb:29:in `process_action'
/usr/lib/ruby/gems/1.9.2/gems/actionpack-3.0.3/lib/action_controller/metal/rescue.rb:17:in `process_action'
/usr/lib/ruby/gems/1.9.2/gems/actionpack-3.0.3/lib/abstract_controller/base.rb:120:in `process'
/usr/lib/ruby/gems/1.9.2/gems/actionpack-3.0.3/lib/abstract_controller/rendering.rb:40:in `process'
/usr/lib/ruby/gems/1.9.2/gems/actionpack-3.0.3/lib/action_controller/metal.rb:138:in `dispatch'
/usr/lib/ruby/gems/1.9.2/gems/actionpack-3.0.3/lib/action_controller/metal/rack_delegation.rb:14:in `dispatch'
/usr/lib/ruby/gems/1.9.2/gems/actionpack-3.0.3/lib/action_controller/metal.rb:178:in `block in action'
/usr/lib/ruby/gems/1.9.2/gems/actionpack-3.0.3/lib/action_dispatch/routing/route_set.rb:62:in `call'
/usr/lib/ruby/gems/1.9.2/gems/actionpack-3.0.3/lib/action_dispatch/routing/route_set.rb:62:in `dispatch'
/usr/lib/ruby/gems/1.9.2/gems/actionpack-3.0.3/lib/action_dispatch/routing/route_set.rb:27:in `call'
/usr/lib/ruby/gems/1.9.2/gems/rack-mount-0.6.13/lib/rack/mount/route_set.rb:148:in `block in call'
/usr/lib/ruby/gems/1.9.2/gems/rack-mount-0.6.13/lib/rack/mount/code_generation.rb:93:in `block in recognize'
/usr/lib/ruby/gems/1.9.2/gems/rack-mount-0.6.13/lib/rack/mount/code_generation.rb:82:in `optimized_each'
/usr/lib/ruby/gems/1.9.2/gems/rack-mount-0.6.13/lib/rack/mount/code_generation.rb:92:in `recognize'
/usr/lib/ruby/gems/1.9.2/gems/rack-mount-0.6.13/lib/rack/mount/route_set.rb:139:in `call'
/usr/lib/ruby/gems/1.9.2/gems/actionpack-3.0.3/lib/action_dispatch/routing/route_set.rb:492:in `call'
/usr/lib/ruby/gems/1.9.2/gems/haml-3.0.22/lib/sass/plugin/rack.rb:41:in `call'
/usr/lib/ruby/gems/1.9.2/gems/warden-0.10.7/lib/warden/manager.rb:35:in `block in call'
/usr/lib/ruby/gems/1.9.2/gems/warden-0.10.7/lib/warden/manager.rb:34:in `catch'
/usr/lib/ruby/gems/1.9.2/gems/warden-0.10.7/lib/warden/manager.rb:34:in `call'
/usr/lib/ruby/gems/1.9.2/gems/actionpack-3.0.3/lib/action_dispatch/middleware/best_standards_support.rb:17:in `call'
/usr/lib/ruby/gems/1.9.2/gems/actionpack-3.0.3/lib/action_dispatch/middleware/head.rb:14:in `call'
/usr/lib/ruby/gems/1.9.2/gems/rack-1.2.1/lib/rack/methodoverride.rb:24:in `call'
/usr/lib/ruby/gems/1.9.2/gems/actionpack-3.0.3/lib/action_dispatch/middleware/params_parser.rb:21:in `call'
/usr/lib/ruby/gems/1.9.2/gems/actionpack-3.0.3/lib/action_dispatch/middleware/flash.rb:182:in `call'
/usr/lib/ruby/gems/1.9.2/gems/actionpack-3.0.3/lib/action_dispatch/middleware/session/abstract_store.rb:149:in `call'
/usr/lib/ruby/gems/1.9.2/gems/actionpack-3.0.3/lib/action_dispatch/middleware/cookies.rb:295:in `call'
/usr/lib/ruby/gems/1.9.2/gems/actionpack-3.0.3/lib/action_dispatch/middleware/callbacks.rb:46:in `block in call'
/usr/lib/ruby/gems/1.9.2/gems/activesupport-3.0.3/lib/active_support/callbacks.rb:415:in `_run_call_callbacks'
/usr/lib/ruby/gems/1.9.2/gems/actionpack-3.0.3/lib/action_dispatch/middleware/callbacks.rb:44:in `call'
/usr/lib/ruby/gems/1.9.2/gems/rack-1.2.1/lib/rack/sendfile.rb:107:in `call'
/usr/lib/ruby/gems/1.9.2/gems/actionpack-3.0.3/lib/action_dispatch/middleware/remote_ip.rb:48:in `call'
/usr/lib/ruby/gems/1.9.2/gems/actionpack-3.0.3/lib/action_dispatch/middleware/show_exceptions.rb:46:in `call'
/usr/lib/ruby/gems/1.9.2/gems/railties-3.0.3/lib/rails/rack/logger.rb:13:in `call'
/usr/lib/ruby/gems/1.9.2/gems/rack-1.2.1/lib/rack/runtime.rb:17:in `call'
/usr/lib/ruby/gems/1.9.2/gems/activesupport-3.0.3/lib/active_support/cache/strategy/local_cache.rb:72:in `call'
/usr/lib/ruby/gems/1.9.2/gems/rack-1.2.1/lib/rack/lock.rb:11:in `block in call'
<internal:prelude>:10:in `synchronize'
/usr/lib/ruby/gems/1.9.2/gems/rack-1.2.1/lib/rack/lock.rb:11:in `call'
/usr/lib/ruby/gems/1.9.2/gems/actionpack-3.0.3/lib/action_dispatch/middleware/static.rb:30:in `call'
/usr/lib/ruby/gems/1.9.2/gems/railties-3.0.3/lib/rails/application.rb:168:in `call'
/usr/lib/ruby/gems/1.9.2/gems/railties-3.0.3/lib/rails/application.rb:77:in `method_missing'
/usr/lib/ruby/gems/1.9.2/gems/railties-3.0.3/lib/rails/rack/log_tailer.rb:14:in `call'
/usr/lib/ruby/gems/1.9.2/gems/rack-1.2.1/lib/rack/content_length.rb:13:in `call'
/usr/lib/ruby/gems/1.9.2/gems/rack-1.2.1/lib/rack/handler/webrick.rb:52:in `service'
/usr/lib/ruby/1.9.2/webrick/httpserver.rb:111:in `service'
/usr/lib/ruby/1.9.2/webrick/httpserver.rb:70:in `run'
/usr/lib/ruby/1.9.2/webrick/server.rb:183:in `block in start_thread'
Rendered sites/show.html.haml within layouts/application (4.1ms)
Completed   in 17ms

ActionView::Template::Error (/home/tyler/ruby/current/whisper/app/views/sites/show.html.haml:13: syntax error, unexpected tIVAR, expecting keyword_do or '{' or '('):
    10:   %b Body:
    11:   = @site.body
    12: 
    13: = link_to 'Edit', edit_@site
    14: \|
    15: = link_to 'Back', sites_path
  

Rendered /usr/lib/ruby/gems/1.9.2/gems/actionpack-3.0.3/lib/action_dispatch/middleware/templates/rescues/_trace.erb (1.6ms)
Rendered /usr/lib/ruby/gems/1.9.2/gems/actionpack-3.0.3/lib/action_dispatch/middleware/templates/rescues/_request_and_response.erb (30.0ms)
Rendered /usr/lib/ruby/gems/1.9.2/gems/actionpack-3.0.3/lib/action_dispatch/middleware/templates/rescues/template_error.erb within rescues/layout (38.7ms)
admin['$cmd'].find({:ismaster=>1}, {}).limit(-1)
admin['$cmd'].find({:buildinfo=>1}, {}).limit(-1)
admin['$cmd'].find({:ismaster=>1}, {}).limit(-1)
admin['$cmd'].find({:buildinfo=>1}, {}).limit(-1)
admin['$cmd'].find({:ismaster=>1}, {}).limit(-1)
admin['$cmd'].find({:buildinfo=>1}, {}).limit(-1)
whisper_development['sites'].find({}, {}).limit(-1)
admin['$cmd'].find({:ismaster=>1}, {}).limit(-1)
admin['$cmd'].find({:buildinfo=>1}, {}).limit(-1)
admin['$cmd'].find({:ismaster=>1}, {}).limit(-1)
admin['$cmd'].find({:buildinfo=>1}, {}).limit(-1)
admin['$cmd'].find({:ismaster=>1}, {}).limit(-1)
admin['$cmd'].find({:buildinfo=>1}, {}).limit(-1)
admin['$cmd'].find({:ismaster=>1}, {}).limit(-1)
admin['$cmd'].find({:buildinfo=>1}, {}).limit(-1)
admin['$cmd'].find({:ismaster=>1}, {}).limit(-1)
admin['$cmd'].find({:buildinfo=>1}, {}).limit(-1)
admin['$cmd'].find({:ismaster=>1}, {}).limit(-1)
admin['$cmd'].find({:buildinfo=>1}, {}).limit(-1)
admin['$cmd'].find({:ismaster=>1}, {}).limit(-1)
admin['$cmd'].find({:buildinfo=>1}, {}).limit(-1)


Started GET "/sites/4cf1c694665fc96830000002" for 127.0.0.1 at 2010-11-27 20:31:03 -0800
  Processing by SitesController#show as HTML
  Parameters: {"id"=>"4cf1c694665fc96830000002"}
whisper_development['sites'].find({:_id=>BSON::ObjectId('4cf1c694665fc96830000002')}, {}).limit(-1)
ERROR: compiling _app_views_sites_show_html_haml__291351414_87564580__127103388 RAISED /home/tyler/ruby/current/whisper/app/views/sites/show.html.haml:13: syntax error, unexpected tIVAR, expecting keyword_do or '{' or '('
Function body:           def _app_views_sites_show_html_haml__291351414_87564580__127103388(local_assigns)
            _old_virtual_path, @_virtual_path = @_virtual_path, "sites/show";_old_output_buffer = @output_buffer;;begin;extend Haml::Helpers;_hamlout = @haml_buffer = Haml::Buffer.new(@haml_buffer, {:autoclose=>["meta", "img", "link", "br", "hr", "input", "area", "param", "col", "base"], :preserve=>["textarea", "pre", "code"], :attr_wrapper=>"'", :ugly=>false, :format=>:html5, :encoding=>"UTF-8", :escape_html=>true});_erbout = _hamlout.buffer;__in_erb_template = true;;_hamlout.push_text("<p id='notice'>#{_hamlout.adjust_tabs(1); _hamlout.format_script_false_true_false_true_false_true_false((notice
));}</p>\n<p>\n  <b>Domain:</b>\n  #{


_hamlout.adjust_tabs(1); _hamlout.format_script_false_false_false_true_false_true_false(( @site.domain
));}\n</p>\n<p>\n  <b>Title:</b>\n  #{

_hamlout.format_script_false_false_false_true_false_true_false(( @site.title
));}\n</p>\n<p>\n  <b>Body:</b>\n  #{

_hamlout.format_script_false_false_false_true_false_true_false(( @site.body
));}\n</p>\n#{
_hamlout.adjust_tabs(-1); _hamlout.format_script_false_false_false_true_false_true_false(( link_to 'Edit', edit_@site
));}\n|\n#{
_hamlout.format_script_false_false_false_true_false_true_false(( link_to 'Back', sites_path
));}\n", 0, false);::Haml::Util.html_safe(_erbout);ensure;@haml_buffer = @haml_buffer.upper;end;
          ensure
            @_virtual_path, @output_buffer = _old_virtual_path, _old_output_buffer
          end
Backtrace: /usr/lib/ruby/gems/1.9.2/gems/actionpack-3.0.3/lib/action_view/template.rb:255:in `module_eval'
/usr/lib/ruby/gems/1.9.2/gems/actionpack-3.0.3/lib/action_view/template.rb:255:in `compile'
/usr/lib/ruby/gems/1.9.2/gems/actionpack-3.0.3/lib/action_view/template.rb:134:in `block in render'
/usr/lib/ruby/gems/1.9.2/gems/activesupport-3.0.3/lib/active_support/notifications.rb:54:in `instrument'
/usr/lib/ruby/gems/1.9.2/gems/actionpack-3.0.3/lib/action_view/template.rb:127:in `render'
/usr/lib/ruby/gems/1.9.2/gems/actionpack-3.0.3/lib/action_view/render/rendering.rb:59:in `block in _render_template'
/usr/lib/ruby/gems/1.9.2/gems/activesupport-3.0.3/lib/active_support/notifications.rb:52:in `block in instrument'
/usr/lib/ruby/gems/1.9.2/gems/activesupport-3.0.3/lib/active_support/notifications/instrumenter.rb:21:in `instrument'
/usr/lib/ruby/gems/1.9.2/gems/activesupport-3.0.3/lib/active_support/notifications.rb:52:in `instrument'
/usr/lib/ruby/gems/1.9.2/gems/actionpack-3.0.3/lib/action_view/render/rendering.rb:56:in `_render_template'
/usr/lib/ruby/gems/1.9.2/gems/actionpack-3.0.3/lib/action_view/render/rendering.rb:26:in `render'
/usr/lib/ruby/gems/1.9.2/gems/haml-3.0.22/lib/haml/helpers/action_view_mods.rb:13:in `render_with_haml'
/usr/lib/ruby/gems/1.9.2/gems/actionpack-3.0.3/lib/abstract_controller/rendering.rb:114:in `_render_template'
/usr/lib/ruby/gems/1.9.2/gems/actionpack-3.0.3/lib/abstract_controller/rendering.rb:108:in `render_to_body'
/usr/lib/ruby/gems/1.9.2/gems/actionpack-3.0.3/lib/action_controller/metal/renderers.rb:47:in `render_to_body'
/usr/lib/ruby/gems/1.9.2/gems/actionpack-3.0.3/lib/action_controller/metal/compatibility.rb:55:in `render_to_body'
/usr/lib/ruby/gems/1.9.2/gems/actionpack-3.0.3/lib/abstract_controller/rendering.rb:101:in `render_to_string'
/usr/lib/ruby/gems/1.9.2/gems/actionpack-3.0.3/lib/abstract_controller/rendering.rb:92:in `render'
/usr/lib/ruby/gems/1.9.2/gems/actionpack-3.0.3/lib/action_controller/metal/rendering.rb:17:in `render'
/usr/lib/ruby/gems/1.9.2/gems/actionpack-3.0.3/lib/action_controller/metal/instrumentation.rb:40:in `block (2 levels) in render'
/usr/lib/ruby/gems/1.9.2/gems/activesupport-3.0.3/lib/active_support/core_ext/benchmark.rb:5:in `block in ms'
/usr/lib/ruby/1.9.2/benchmark.rb:309:in `realtime'
/usr/lib/ruby/gems/1.9.2/gems/activesupport-3.0.3/lib/active_support/core_ext/benchmark.rb:5:in `ms'
/usr/lib/ruby/gems/1.9.2/gems/actionpack-3.0.3/lib/action_controller/metal/instrumentation.rb:40:in `block in render'
/usr/lib/ruby/gems/1.9.2/gems/actionpack-3.0.3/lib/action_controller/metal/instrumentation.rb:78:in `cleanup_view_runtime'
/usr/lib/ruby/gems/1.9.2/gems/actionpack-3.0.3/lib/action_controller/metal/instrumentation.rb:39:in `render'
/usr/lib/ruby/gems/1.9.2/gems/actionpack-3.0.3/lib/action_controller/metal/implicit_render.rb:10:in `default_render'
/usr/lib/ruby/gems/1.9.2/gems/actionpack-3.0.3/lib/action_controller/metal/mime_responds.rb:261:in `block in retrieve_response_from_mimes'
/usr/lib/ruby/gems/1.9.2/gems/actionpack-3.0.3/lib/action_controller/metal/responder.rb:190:in `call'
/usr/lib/ruby/gems/1.9.2/gems/actionpack-3.0.3/lib/action_controller/metal/responder.rb:190:in `default_render'
/usr/lib/ruby/gems/1.9.2/gems/actionpack-3.0.3/lib/action_controller/metal/responder.rb:126:in `to_html'
/usr/lib/ruby/gems/1.9.2/gems/responders-0.6.2/lib/responders/flash_responder.rb:93:in `to_html'
/usr/lib/ruby/gems/1.9.2/gems/actionpack-3.0.3/lib/action_controller/metal/responder.rb:119:in `respond'
/usr/lib/ruby/gems/1.9.2/gems/actionpack-3.0.3/lib/action_controller/metal/responder.rb:112:in `call'
/usr/lib/ruby/gems/1.9.2/gems/actionpack-3.0.3/lib/action_controller/metal/mime_responds.rb:232:in `respond_with'
/usr/lib/ruby/gems/1.9.2/gems/inherited_resources-1.1.2/lib/inherited_resources/actions.rb:13:in `show'
/usr/lib/ruby/gems/1.9.2/gems/actionpack-3.0.3/lib/action_controller/metal/implicit_render.rb:4:in `send_action'
/usr/lib/ruby/gems/1.9.2/gems/actionpack-3.0.3/lib/abstract_controller/base.rb:151:in `process_action'
/usr/lib/ruby/gems/1.9.2/gems/actionpack-3.0.3/lib/action_controller/metal/rendering.rb:11:in `process_action'
/usr/lib/ruby/gems/1.9.2/gems/actionpack-3.0.3/lib/abstract_controller/callbacks.rb:18:in `block in process_action'
/usr/lib/ruby/gems/1.9.2/gems/activesupport-3.0.3/lib/active_support/callbacks.rb:435:in `_run__399351371__process_action__26746023__callbacks'
/usr/lib/ruby/gems/1.9.2/gems/activesupport-3.0.3/lib/active_support/callbacks.rb:409:in `_run_process_action_callbacks'
/usr/lib/ruby/gems/1.9.2/gems/activesupport-3.0.3/lib/active_support/callbacks.rb:93:in `run_callbacks'
/usr/lib/ruby/gems/1.9.2/gems/actionpack-3.0.3/lib/abstract_controller/callbacks.rb:17:in `process_action'
/usr/lib/ruby/gems/1.9.2/gems/actionpack-3.0.3/lib/action_controller/metal/instrumentation.rb:30:in `block in process_action'
/usr/lib/ruby/gems/1.9.2/gems/activesupport-3.0.3/lib/active_support/notifications.rb:52:in `block in instrument'
/usr/lib/ruby/gems/1.9.2/gems/activesupport-3.0.3/lib/active_support/notifications/instrumenter.rb:21:in `instrument'
/usr/lib/ruby/gems/1.9.2/gems/activesupport-3.0.3/lib/active_support/notifications.rb:52:in `instrument'
/usr/lib/ruby/gems/1.9.2/gems/actionpack-3.0.3/lib/action_controller/metal/instrumentation.rb:29:in `process_action'
/usr/lib/ruby/gems/1.9.2/gems/actionpack-3.0.3/lib/action_controller/metal/rescue.rb:17:in `process_action'
/usr/lib/ruby/gems/1.9.2/gems/actionpack-3.0.3/lib/abstract_controller/base.rb:120:in `process'
/usr/lib/ruby/gems/1.9.2/gems/actionpack-3.0.3/lib/abstract_controller/rendering.rb:40:in `process'
/usr/lib/ruby/gems/1.9.2/gems/actionpack-3.0.3/lib/action_controller/metal.rb:138:in `dispatch'
/usr/lib/ruby/gems/1.9.2/gems/actionpack-3.0.3/lib/action_controller/metal/rack_delegation.rb:14:in `dispatch'
/usr/lib/ruby/gems/1.9.2/gems/actionpack-3.0.3/lib/action_controller/metal.rb:178:in `block in action'
/usr/lib/ruby/gems/1.9.2/gems/actionpack-3.0.3/lib/action_dispatch/routing/route_set.rb:62:in `call'
/usr/lib/ruby/gems/1.9.2/gems/actionpack-3.0.3/lib/action_dispatch/routing/route_set.rb:62:in `dispatch'
/usr/lib/ruby/gems/1.9.2/gems/actionpack-3.0.3/lib/action_dispatch/routing/route_set.rb:27:in `call'
/usr/lib/ruby/gems/1.9.2/gems/rack-mount-0.6.13/lib/rack/mount/route_set.rb:148:in `block in call'
/usr/lib/ruby/gems/1.9.2/gems/rack-mount-0.6.13/lib/rack/mount/code_generation.rb:93:in `block in recognize'
/usr/lib/ruby/gems/1.9.2/gems/rack-mount-0.6.13/lib/rack/mount/code_generation.rb:82:in `optimized_each'
/usr/lib/ruby/gems/1.9.2/gems/rack-mount-0.6.13/lib/rack/mount/code_generation.rb:92:in `recognize'
/usr/lib/ruby/gems/1.9.2/gems/rack-mount-0.6.13/lib/rack/mount/route_set.rb:139:in `call'
/usr/lib/ruby/gems/1.9.2/gems/actionpack-3.0.3/lib/action_dispatch/routing/route_set.rb:492:in `call'
/usr/lib/ruby/gems/1.9.2/gems/haml-3.0.22/lib/sass/plugin/rack.rb:41:in `call'
/usr/lib/ruby/gems/1.9.2/gems/warden-0.10.7/lib/warden/manager.rb:35:in `block in call'
/usr/lib/ruby/gems/1.9.2/gems/warden-0.10.7/lib/warden/manager.rb:34:in `catch'
/usr/lib/ruby/gems/1.9.2/gems/warden-0.10.7/lib/warden/manager.rb:34:in `call'
/usr/lib/ruby/gems/1.9.2/gems/actionpack-3.0.3/lib/action_dispatch/middleware/best_standards_support.rb:17:in `call'
/usr/lib/ruby/gems/1.9.2/gems/actionpack-3.0.3/lib/action_dispatch/middleware/head.rb:14:in `call'
/usr/lib/ruby/gems/1.9.2/gems/rack-1.2.1/lib/rack/methodoverride.rb:24:in `call'
/usr/lib/ruby/gems/1.9.2/gems/actionpack-3.0.3/lib/action_dispatch/middleware/params_parser.rb:21:in `call'
/usr/lib/ruby/gems/1.9.2/gems/actionpack-3.0.3/lib/action_dispatch/middleware/flash.rb:182:in `call'
/usr/lib/ruby/gems/1.9.2/gems/actionpack-3.0.3/lib/action_dispatch/middleware/session/abstract_store.rb:149:in `call'
/usr/lib/ruby/gems/1.9.2/gems/actionpack-3.0.3/lib/action_dispatch/middleware/cookies.rb:295:in `call'
/usr/lib/ruby/gems/1.9.2/gems/actionpack-3.0.3/lib/action_dispatch/middleware/callbacks.rb:46:in `block in call'
/usr/lib/ruby/gems/1.9.2/gems/activesupport-3.0.3/lib/active_support/callbacks.rb:415:in `_run_call_callbacks'
/usr/lib/ruby/gems/1.9.2/gems/actionpack-3.0.3/lib/action_dispatch/middleware/callbacks.rb:44:in `call'
/usr/lib/ruby/gems/1.9.2/gems/rack-1.2.1/lib/rack/sendfile.rb:107:in `call'
/usr/lib/ruby/gems/1.9.2/gems/actionpack-3.0.3/lib/action_dispatch/middleware/remote_ip.rb:48:in `call'
/usr/lib/ruby/gems/1.9.2/gems/actionpack-3.0.3/lib/action_dispatch/middleware/show_exceptions.rb:46:in `call'
/usr/lib/ruby/gems/1.9.2/gems/railties-3.0.3/lib/rails/rack/logger.rb:13:in `call'
/usr/lib/ruby/gems/1.9.2/gems/rack-1.2.1/lib/rack/runtime.rb:17:in `call'
/usr/lib/ruby/gems/1.9.2/gems/activesupport-3.0.3/lib/active_support/cache/strategy/local_cache.rb:72:in `call'
/usr/lib/ruby/gems/1.9.2/gems/rack-1.2.1/lib/rack/lock.rb:11:in `block in call'
<internal:prelude>:10:in `synchronize'
/usr/lib/ruby/gems/1.9.2/gems/rack-1.2.1/lib/rack/lock.rb:11:in `call'
/usr/lib/ruby/gems/1.9.2/gems/actionpack-3.0.3/lib/action_dispatch/middleware/static.rb:30:in `call'
/usr/lib/ruby/gems/1.9.2/gems/railties-3.0.3/lib/rails/application.rb:168:in `call'
/usr/lib/ruby/gems/1.9.2/gems/railties-3.0.3/lib/rails/application.rb:77:in `method_missing'
/usr/lib/ruby/gems/1.9.2/gems/railties-3.0.3/lib/rails/rack/log_tailer.rb:14:in `call'
/usr/lib/ruby/gems/1.9.2/gems/rack-1.2.1/lib/rack/content_length.rb:13:in `call'
/usr/lib/ruby/gems/1.9.2/gems/rack-1.2.1/lib/rack/handler/webrick.rb:52:in `service'
/usr/lib/ruby/1.9.2/webrick/httpserver.rb:111:in `service'
/usr/lib/ruby/1.9.2/webrick/httpserver.rb:70:in `run'
/usr/lib/ruby/1.9.2/webrick/server.rb:183:in `block in start_thread'
Rendered sites/show.html.haml within layouts/application (3.9ms)
Completed   in 17ms

ActionView::Template::Error (/home/tyler/ruby/current/whisper/app/views/sites/show.html.haml:13: syntax error, unexpected tIVAR, expecting keyword_do or '{' or '('):
    10:   %b Body:
    11:   = @site.body
    12: 
    13: = link_to 'Edit', edit_@site
    14: \|
    15: = link_to 'Back', sites_path
  

Rendered /usr/lib/ruby/gems/1.9.2/gems/actionpack-3.0.3/lib/action_dispatch/middleware/templates/rescues/_trace.erb (1.6ms)
Rendered /usr/lib/ruby/gems/1.9.2/gems/actionpack-3.0.3/lib/action_dispatch/middleware/templates/rescues/_request_and_response.erb (29.2ms)
Rendered /usr/lib/ruby/gems/1.9.2/gems/actionpack-3.0.3/lib/action_dispatch/middleware/templates/rescues/template_error.erb within rescues/layout (37.5ms)


Started GET "/sites/" for 127.0.0.1 at 2010-11-27 20:31:10 -0800
  Processing by SitesController#index as HTML
whisper_development['sites'].find({}, {})
Rendered sites/index.html.haml within layouts/application (52.3ms)
Completed 200 OK in 64ms (Views: 63.5ms)


Started GET "/sites/localhost" for 127.0.0.1 at 2010-11-27 20:31:48 -0800
  Processing by SitesController#show as HTML
  Parameters: {"id"=>"localhost"}
Completed   in 1ms

BSON::InvalidObjectId (illegal ObjectId format):
  

Rendered /usr/lib/ruby/gems/1.9.2/gems/actionpack-3.0.3/lib/action_dispatch/middleware/templates/rescues/_trace.erb (1.6ms)
Rendered /usr/lib/ruby/gems/1.9.2/gems/actionpack-3.0.3/lib/action_dispatch/middleware/templates/rescues/_request_and_response.erb (65.9ms)
Rendered /usr/lib/ruby/gems/1.9.2/gems/actionpack-3.0.3/lib/action_dispatch/middleware/templates/rescues/diagnostics.erb within rescues/layout (74.1ms)


Started GET "/sites/localhost" for 127.0.0.1 at 2010-11-27 20:31:57 -0800
  Processing by SitesController#show as HTML
  Parameters: {"id"=>"localhost"}
Completed   in 1ms

BSON::InvalidObjectId (illegal ObjectId format):
  

Rendered /usr/lib/ruby/gems/1.9.2/gems/actionpack-3.0.3/lib/action_dispatch/middleware/templates/rescues/_trace.erb (1.6ms)
Rendered /usr/lib/ruby/gems/1.9.2/gems/actionpack-3.0.3/lib/action_dispatch/middleware/templates/rescues/_request_and_response.erb (28.6ms)
Rendered /usr/lib/ruby/gems/1.9.2/gems/actionpack-3.0.3/lib/action_dispatch/middleware/templates/rescues/diagnostics.erb within rescues/layout (36.6ms)


Started GET "/sites/localhost/edit" for 127.0.0.1 at 2010-11-27 20:33:25 -0800
  Processing by SitesController#edit as HTML
  Parameters: {"id"=>"localhost"}
Completed   in 1ms

BSON::InvalidObjectId (illegal ObjectId format):
  

Rendered /usr/lib/ruby/gems/1.9.2/gems/actionpack-3.0.3/lib/action_dispatch/middleware/templates/rescues/_trace.erb (1.7ms)
Rendered /usr/lib/ruby/gems/1.9.2/gems/actionpack-3.0.3/lib/action_dispatch/middleware/templates/rescues/_request_and_response.erb (28.7ms)
Rendered /usr/lib/ruby/gems/1.9.2/gems/actionpack-3.0.3/lib/action_dispatch/middleware/templates/rescues/diagnostics.erb within rescues/layout (36.8ms)


Started GET "/sites/" for 127.0.0.1 at 2010-11-27 20:33:29 -0800
  Processing by SitesController#index as HTML
whisper_development['sites'].find({}, {})
Rendered sites/index.html.haml within layouts/application (15.4ms)
Completed 200 OK in 27ms (Views: 26.6ms)
admin['$cmd'].find({:ismaster=>1}, {}).limit(-1)
admin['$cmd'].find({:buildinfo=>1}, {}).limit(-1)
whisper_development['system.namespaces'].find({}, {})
MONGODB whisper_development['system.indexes'].remove({})
MONGODB whisper_development['users'].remove({})
MONGODB whisper_development['products'].remove({})
MONGODB whisper_development['root_nodes'].remove({})
MONGODB whisper_development['nodes'].remove({})
MONGODB whisper_development['poos'].remove({})
MONGODB whisper_development['foos'].remove({})
MONGODB whisper_development['pees'].remove({})
MONGODB whisper_development['ones'].remove({})
MONGODB whisper_development['coolios'].remove({})
MONGODB whisper_development['sites'].remove({})
MONGODB whisper_development['foobars'].remove({})


Started GET "/sites/" for 127.0.0.1 at 2010-11-27 20:35:45 -0800
  Processing by SitesController#index as HTML
whisper_development['sites'].find({}, {})
Rendered sites/index.html.haml within layouts/application (11.2ms)
Completed 200 OK in 23ms (Views: 22.3ms)


Started GET "/sites/new" for 127.0.0.1 at 2010-11-27 20:35:48 -0800
  Processing by SitesController#new as HTML
Rendered sites/_form.html.haml (9.8ms)
Rendered sites/new.html.haml within layouts/application (18.2ms)
Completed 200 OK in 30ms (Views: 29.3ms)


Started POST "/sites" for 127.0.0.1 at 2010-11-27 20:35:55 -0800
  Processing by SitesController#create as HTML
  Parameters: {"utf8"=>"✓", "authenticity_token"=>"f9bhgSFBDPKl6c7NxQeoYuW64UfDnVJrK/XbeKs2ddQ=", "site"=>{"domain"=>"localhost", "title"=>"My Beautiful Web Site", "body"=>""}, "commit"=>"Save"}
MONGODB whisper_development['sites'].insert([{"domain"=>"localhost", "title"=>"My Beautiful Web Site", "body"=>"", "_id"=>BSON::ObjectId('4cf1dc2b665fc924ce000002')}])
Redirected to http://localhost:3000/sites/4cf1dc2b665fc924ce000002
Completed 302 Found in 14ms


Started GET "/sites/4cf1dc2b665fc924ce000002" for 127.0.0.1 at 2010-11-27 20:35:55 -0800
  Processing by SitesController#show as HTML
  Parameters: {"id"=>"4cf1dc2b665fc924ce000002"}
whisper_development['sites'].find({:_id=>BSON::ObjectId('4cf1dc2b665fc924ce000002')}, {}).limit(-1)
ERROR: compiling _app_views_sites_show_html_haml__291351414__618917498__127103388 RAISED /home/tyler/ruby/current/whisper/app/views/sites/show.html.haml:13: syntax error, unexpected tIVAR, expecting keyword_do or '{' or '('
Function body:           def _app_views_sites_show_html_haml__291351414__618917498__127103388(local_assigns)
            _old_virtual_path, @_virtual_path = @_virtual_path, "sites/show";_old_output_buffer = @output_buffer;;begin;extend Haml::Helpers;_hamlout = @haml_buffer = Haml::Buffer.new(@haml_buffer, {:autoclose=>["meta", "img", "link", "br", "hr", "input", "area", "param", "col", "base"], :preserve=>["textarea", "pre", "code"], :attr_wrapper=>"'", :ugly=>false, :format=>:html5, :encoding=>"UTF-8", :escape_html=>true});_erbout = _hamlout.buffer;__in_erb_template = true;;_hamlout.push_text("<p id='notice'>#{_hamlout.adjust_tabs(1); _hamlout.format_script_false_true_false_true_false_true_false((notice
));}</p>\n<p>\n  <b>Domain:</b>\n  #{


_hamlout.adjust_tabs(1); _hamlout.format_script_false_false_false_true_false_true_false(( @site.domain
));}\n</p>\n<p>\n  <b>Title:</b>\n  #{

_hamlout.format_script_false_false_false_true_false_true_false(( @site.title
));}\n</p>\n<p>\n  <b>Body:</b>\n  #{

_hamlout.format_script_false_false_false_true_false_true_false(( @site.body
));}\n</p>\n#{
_hamlout.adjust_tabs(-1); _hamlout.format_script_false_false_false_true_false_true_false(( link_to 'Edit', edit_@site
));}\n|\n#{
_hamlout.format_script_false_false_false_true_false_true_false(( link_to 'Back', sites_path
));}\n", 0, false);::Haml::Util.html_safe(_erbout);ensure;@haml_buffer = @haml_buffer.upper;end;
          ensure
            @_virtual_path, @output_buffer = _old_virtual_path, _old_output_buffer
          end
Backtrace: /usr/lib/ruby/gems/1.9.2/gems/actionpack-3.0.3/lib/action_view/template.rb:255:in `module_eval'
/usr/lib/ruby/gems/1.9.2/gems/actionpack-3.0.3/lib/action_view/template.rb:255:in `compile'
/usr/lib/ruby/gems/1.9.2/gems/actionpack-3.0.3/lib/action_view/template.rb:134:in `block in render'
/usr/lib/ruby/gems/1.9.2/gems/activesupport-3.0.3/lib/active_support/notifications.rb:54:in `instrument'
/usr/lib/ruby/gems/1.9.2/gems/actionpack-3.0.3/lib/action_view/template.rb:127:in `render'
/usr/lib/ruby/gems/1.9.2/gems/actionpack-3.0.3/lib/action_view/render/rendering.rb:59:in `block in _render_template'
/usr/lib/ruby/gems/1.9.2/gems/activesupport-3.0.3/lib/active_support/notifications.rb:52:in `block in instrument'
/usr/lib/ruby/gems/1.9.2/gems/activesupport-3.0.3/lib/active_support/notifications/instrumenter.rb:21:in `instrument'
/usr/lib/ruby/gems/1.9.2/gems/activesupport-3.0.3/lib/active_support/notifications.rb:52:in `instrument'
/usr/lib/ruby/gems/1.9.2/gems/actionpack-3.0.3/lib/action_view/render/rendering.rb:56:in `_render_template'
/usr/lib/ruby/gems/1.9.2/gems/actionpack-3.0.3/lib/action_view/render/rendering.rb:26:in `render'
/usr/lib/ruby/gems/1.9.2/gems/haml-3.0.22/lib/haml/helpers/action_view_mods.rb:13:in `render_with_haml'
/usr/lib/ruby/gems/1.9.2/gems/actionpack-3.0.3/lib/abstract_controller/rendering.rb:114:in `_render_template'
/usr/lib/ruby/gems/1.9.2/gems/actionpack-3.0.3/lib/abstract_controller/rendering.rb:108:in `render_to_body'
/usr/lib/ruby/gems/1.9.2/gems/actionpack-3.0.3/lib/action_controller/metal/renderers.rb:47:in `render_to_body'
/usr/lib/ruby/gems/1.9.2/gems/actionpack-3.0.3/lib/action_controller/metal/compatibility.rb:55:in `render_to_body'
/usr/lib/ruby/gems/1.9.2/gems/actionpack-3.0.3/lib/abstract_controller/rendering.rb:101:in `render_to_string'
/usr/lib/ruby/gems/1.9.2/gems/actionpack-3.0.3/lib/abstract_controller/rendering.rb:92:in `render'
/usr/lib/ruby/gems/1.9.2/gems/actionpack-3.0.3/lib/action_controller/metal/rendering.rb:17:in `render'
/usr/lib/ruby/gems/1.9.2/gems/actionpack-3.0.3/lib/action_controller/metal/instrumentation.rb:40:in `block (2 levels) in render'
/usr/lib/ruby/gems/1.9.2/gems/activesupport-3.0.3/lib/active_support/core_ext/benchmark.rb:5:in `block in ms'
/usr/lib/ruby/1.9.2/benchmark.rb:309:in `realtime'
/usr/lib/ruby/gems/1.9.2/gems/activesupport-3.0.3/lib/active_support/core_ext/benchmark.rb:5:in `ms'
/usr/lib/ruby/gems/1.9.2/gems/actionpack-3.0.3/lib/action_controller/metal/instrumentation.rb:40:in `block in render'
/usr/lib/ruby/gems/1.9.2/gems/actionpack-3.0.3/lib/action_controller/metal/instrumentation.rb:78:in `cleanup_view_runtime'
/usr/lib/ruby/gems/1.9.2/gems/actionpack-3.0.3/lib/action_controller/metal/instrumentation.rb:39:in `render'
/usr/lib/ruby/gems/1.9.2/gems/actionpack-3.0.3/lib/action_controller/metal/implicit_render.rb:10:in `default_render'
/usr/lib/ruby/gems/1.9.2/gems/actionpack-3.0.3/lib/action_controller/metal/mime_responds.rb:261:in `block in retrieve_response_from_mimes'
/usr/lib/ruby/gems/1.9.2/gems/actionpack-3.0.3/lib/action_controller/metal/responder.rb:190:in `call'
/usr/lib/ruby/gems/1.9.2/gems/actionpack-3.0.3/lib/action_controller/metal/responder.rb:190:in `default_render'
/usr/lib/ruby/gems/1.9.2/gems/actionpack-3.0.3/lib/action_controller/metal/responder.rb:126:in `to_html'
/usr/lib/ruby/gems/1.9.2/gems/responders-0.6.2/lib/responders/flash_responder.rb:93:in `to_html'
/usr/lib/ruby/gems/1.9.2/gems/actionpack-3.0.3/lib/action_controller/metal/responder.rb:119:in `respond'
/usr/lib/ruby/gems/1.9.2/gems/actionpack-3.0.3/lib/action_controller/metal/responder.rb:112:in `call'
/usr/lib/ruby/gems/1.9.2/gems/actionpack-3.0.3/lib/action_controller/metal/mime_responds.rb:232:in `respond_with'
/usr/lib/ruby/gems/1.9.2/gems/inherited_resources-1.1.2/lib/inherited_resources/actions.rb:13:in `show'
/usr/lib/ruby/gems/1.9.2/gems/actionpack-3.0.3/lib/action_controller/metal/implicit_render.rb:4:in `send_action'
/usr/lib/ruby/gems/1.9.2/gems/actionpack-3.0.3/lib/abstract_controller/base.rb:151:in `process_action'
/usr/lib/ruby/gems/1.9.2/gems/actionpack-3.0.3/lib/action_controller/metal/rendering.rb:11:in `process_action'
/usr/lib/ruby/gems/1.9.2/gems/actionpack-3.0.3/lib/abstract_controller/callbacks.rb:18:in `block in process_action'
/usr/lib/ruby/gems/1.9.2/gems/activesupport-3.0.3/lib/active_support/callbacks.rb:435:in `_run__399351371__process_action__26746023__callbacks'
/usr/lib/ruby/gems/1.9.2/gems/activesupport-3.0.3/lib/active_support/callbacks.rb:409:in `_run_process_action_callbacks'
/usr/lib/ruby/gems/1.9.2/gems/activesupport-3.0.3/lib/active_support/callbacks.rb:93:in `run_callbacks'
/usr/lib/ruby/gems/1.9.2/gems/actionpack-3.0.3/lib/abstract_controller/callbacks.rb:17:in `process_action'
/usr/lib/ruby/gems/1.9.2/gems/actionpack-3.0.3/lib/action_controller/metal/instrumentation.rb:30:in `block in process_action'
/usr/lib/ruby/gems/1.9.2/gems/activesupport-3.0.3/lib/active_support/notifications.rb:52:in `block in instrument'
/usr/lib/ruby/gems/1.9.2/gems/activesupport-3.0.3/lib/active_support/notifications/instrumenter.rb:21:in `instrument'
/usr/lib/ruby/gems/1.9.2/gems/activesupport-3.0.3/lib/active_support/notifications.rb:52:in `instrument'
/usr/lib/ruby/gems/1.9.2/gems/actionpack-3.0.3/lib/action_controller/metal/instrumentation.rb:29:in `process_action'
/usr/lib/ruby/gems/1.9.2/gems/actionpack-3.0.3/lib/action_controller/metal/rescue.rb:17:in `process_action'
/usr/lib/ruby/gems/1.9.2/gems/actionpack-3.0.3/lib/abstract_controller/base.rb:120:in `process'
/usr/lib/ruby/gems/1.9.2/gems/actionpack-3.0.3/lib/abstract_controller/rendering.rb:40:in `process'
/usr/lib/ruby/gems/1.9.2/gems/actionpack-3.0.3/lib/action_controller/metal.rb:138:in `dispatch'
/usr/lib/ruby/gems/1.9.2/gems/actionpack-3.0.3/lib/action_controller/metal/rack_delegation.rb:14:in `dispatch'
/usr/lib/ruby/gems/1.9.2/gems/actionpack-3.0.3/lib/action_controller/metal.rb:178:in `block in action'
/usr/lib/ruby/gems/1.9.2/gems/actionpack-3.0.3/lib/action_dispatch/routing/route_set.rb:62:in `call'
/usr/lib/ruby/gems/1.9.2/gems/actionpack-3.0.3/lib/action_dispatch/routing/route_set.rb:62:in `dispatch'
/usr/lib/ruby/gems/1.9.2/gems/actionpack-3.0.3/lib/action_dispatch/routing/route_set.rb:27:in `call'
/usr/lib/ruby/gems/1.9.2/gems/rack-mount-0.6.13/lib/rack/mount/route_set.rb:148:in `block in call'
/usr/lib/ruby/gems/1.9.2/gems/rack-mount-0.6.13/lib/rack/mount/code_generation.rb:93:in `block in recognize'
/usr/lib/ruby/gems/1.9.2/gems/rack-mount-0.6.13/lib/rack/mount/code_generation.rb:82:in `optimized_each'
/usr/lib/ruby/gems/1.9.2/gems/rack-mount-0.6.13/lib/rack/mount/code_generation.rb:92:in `recognize'
/usr/lib/ruby/gems/1.9.2/gems/rack-mount-0.6.13/lib/rack/mount/route_set.rb:139:in `call'
/usr/lib/ruby/gems/1.9.2/gems/actionpack-3.0.3/lib/action_dispatch/routing/route_set.rb:492:in `call'
/usr/lib/ruby/gems/1.9.2/gems/haml-3.0.22/lib/sass/plugin/rack.rb:41:in `call'
/usr/lib/ruby/gems/1.9.2/gems/warden-0.10.7/lib/warden/manager.rb:35:in `block in call'
/usr/lib/ruby/gems/1.9.2/gems/warden-0.10.7/lib/warden/manager.rb:34:in `catch'
/usr/lib/ruby/gems/1.9.2/gems/warden-0.10.7/lib/warden/manager.rb:34:in `call'
/usr/lib/ruby/gems/1.9.2/gems/actionpack-3.0.3/lib/action_dispatch/middleware/best_standards_support.rb:17:in `call'
/usr/lib/ruby/gems/1.9.2/gems/actionpack-3.0.3/lib/action_dispatch/middleware/head.rb:14:in `call'
/usr/lib/ruby/gems/1.9.2/gems/rack-1.2.1/lib/rack/methodoverride.rb:24:in `call'
/usr/lib/ruby/gems/1.9.2/gems/actionpack-3.0.3/lib/action_dispatch/middleware/params_parser.rb:21:in `call'
/usr/lib/ruby/gems/1.9.2/gems/actionpack-3.0.3/lib/action_dispatch/middleware/flash.rb:182:in `call'
/usr/lib/ruby/gems/1.9.2/gems/actionpack-3.0.3/lib/action_dispatch/middleware/session/abstract_store.rb:149:in `call'
/usr/lib/ruby/gems/1.9.2/gems/actionpack-3.0.3/lib/action_dispatch/middleware/cookies.rb:295:in `call'
/usr/lib/ruby/gems/1.9.2/gems/actionpack-3.0.3/lib/action_dispatch/middleware/callbacks.rb:46:in `block in call'
/usr/lib/ruby/gems/1.9.2/gems/activesupport-3.0.3/lib/active_support/callbacks.rb:415:in `_run_call_callbacks'
/usr/lib/ruby/gems/1.9.2/gems/actionpack-3.0.3/lib/action_dispatch/middleware/callbacks.rb:44:in `call'
/usr/lib/ruby/gems/1.9.2/gems/rack-1.2.1/lib/rack/sendfile.rb:107:in `call'
/usr/lib/ruby/gems/1.9.2/gems/actionpack-3.0.3/lib/action_dispatch/middleware/remote_ip.rb:48:in `call'
/usr/lib/ruby/gems/1.9.2/gems/actionpack-3.0.3/lib/action_dispatch/middleware/show_exceptions.rb:46:in `call'
/usr/lib/ruby/gems/1.9.2/gems/railties-3.0.3/lib/rails/rack/logger.rb:13:in `call'
/usr/lib/ruby/gems/1.9.2/gems/rack-1.2.1/lib/rack/runtime.rb:17:in `call'
/usr/lib/ruby/gems/1.9.2/gems/activesupport-3.0.3/lib/active_support/cache/strategy/local_cache.rb:72:in `call'
/usr/lib/ruby/gems/1.9.2/gems/rack-1.2.1/lib/rack/lock.rb:11:in `block in call'
<internal:prelude>:10:in `synchronize'
/usr/lib/ruby/gems/1.9.2/gems/rack-1.2.1/lib/rack/lock.rb:11:in `call'
/usr/lib/ruby/gems/1.9.2/gems/actionpack-3.0.3/lib/action_dispatch/middleware/static.rb:30:in `call'
/usr/lib/ruby/gems/1.9.2/gems/railties-3.0.3/lib/rails/application.rb:168:in `call'
/usr/lib/ruby/gems/1.9.2/gems/railties-3.0.3/lib/rails/application.rb:77:in `method_missing'
/usr/lib/ruby/gems/1.9.2/gems/railties-3.0.3/lib/rails/rack/log_tailer.rb:14:in `call'
/usr/lib/ruby/gems/1.9.2/gems/rack-1.2.1/lib/rack/content_length.rb:13:in `call'
/usr/lib/ruby/gems/1.9.2/gems/rack-1.2.1/lib/rack/handler/webrick.rb:52:in `service'
/usr/lib/ruby/1.9.2/webrick/httpserver.rb:111:in `service'
/usr/lib/ruby/1.9.2/webrick/httpserver.rb:70:in `run'
/usr/lib/ruby/1.9.2/webrick/server.rb:183:in `block in start_thread'
Rendered sites/show.html.haml within layouts/application (3.6ms)
Completed   in 16ms

ActionView::Template::Error (/home/tyler/ruby/current/whisper/app/views/sites/show.html.haml:13: syntax error, unexpected tIVAR, expecting keyword_do or '{' or '('):
    10:   %b Body:
    11:   = @site.body
    12: 
    13: = link_to 'Edit', edit_@site
    14: \|
    15: = link_to 'Back', sites_path
  

Rendered /usr/lib/ruby/gems/1.9.2/gems/actionpack-3.0.3/lib/action_dispatch/middleware/templates/rescues/_trace.erb (1.5ms)
Rendered /usr/lib/ruby/gems/1.9.2/gems/actionpack-3.0.3/lib/action_dispatch/middleware/templates/rescues/_request_and_response.erb (30.3ms)
Rendered /usr/lib/ruby/gems/1.9.2/gems/actionpack-3.0.3/lib/action_dispatch/middleware/templates/rescues/template_error.erb within rescues/layout (38.4ms)
admin['$cmd'].find({:ismaster=>1}, {}).limit(-1)
admin['$cmd'].find({:buildinfo=>1}, {}).limit(-1)
admin['$cmd'].find({:ismaster=>1}, {}).limit(-1)
admin['$cmd'].find({:buildinfo=>1}, {}).limit(-1)
admin['$cmd'].find({:ismaster=>1}, {}).limit(-1)
admin['$cmd'].find({:buildinfo=>1}, {}).limit(-1)


Started GET "/sites/4cf1dc2b665fc924ce000002" for 127.0.0.1 at 2010-11-27 20:38:24 -0800
  Processing by SitesController#show as HTML
  Parameters: {"id"=>"4cf1dc2b665fc924ce000002"}
whisper_development['sites'].find({:_id=>BSON::ObjectId('4cf1dc2b665fc924ce000002')}, {}).limit(-1)
Rendered sites/show.html.haml within layouts/application (9.3ms)
Completed 200 OK in 23ms (Views: 21.0ms)


Started GET "/sites/4cf1dc2b665fc924ce000002/edit" for 127.0.0.1 at 2010-11-27 20:38:40 -0800
  Processing by SitesController#edit as HTML
  Parameters: {"id"=>"4cf1dc2b665fc924ce000002"}
whisper_development['sites'].find({:_id=>BSON::ObjectId('4cf1dc2b665fc924ce000002')}, {}).limit(-1)
Rendered sites/_form.html.haml (9.9ms)
Rendered sites/edit.html.haml within layouts/application (19.4ms)
Completed 200 OK in 32ms (Views: 30.5ms)
admin['$cmd'].find({:ismaster=>1}, {}).limit(-1)
admin['$cmd'].find({:buildinfo=>1}, {}).limit(-1)
admin['$cmd'].find({:ismaster=>1}, {}).limit(-1)
admin['$cmd'].find({:buildinfo=>1}, {}).limit(-1)


Started GET "/sites/4cf1dc2b665fc924ce000002/edit" for 127.0.0.1 at 2010-11-27 21:07:41 -0800

SyntaxError (/home/tyler/ruby/current/whisper/app/controllers/sites_controller.rb:5: syntax error, unexpected ')'):
  

Rendered /usr/lib/ruby/gems/1.9.2/gems/actionpack-3.0.3/lib/action_dispatch/middleware/templates/rescues/_trace.erb (1.6ms)
Rendered /usr/lib/ruby/gems/1.9.2/gems/actionpack-3.0.3/lib/action_dispatch/middleware/templates/rescues/_request_and_response.erb (52.0ms)
Rendered /usr/lib/ruby/gems/1.9.2/gems/actionpack-3.0.3/lib/action_dispatch/middleware/templates/rescues/diagnostics.erb within rescues/layout (59.9ms)


Started GET "/sites/" for 127.0.0.1 at 2010-11-27 21:14:21 -0800
  Processing by SitesController#index as HTML
whisper_development['sites'].find({:domain=>"localhost"}, {}).limit(-1)
whisper_development['sites'].find({}, {})
Rendered sites/index.html.haml within layouts/application (13.4ms)
Completed 200 OK in 26ms (Views: 24.4ms)
admin['$cmd'].find({:ismaster=>1}, {}).limit(-1)
admin['$cmd'].find({:buildinfo=>1}, {}).limit(-1)


Started GET "/" for 127.0.0.1 at 2010-11-27 21:15:03 -0800
  Processing by SitesController#show as HTML
  Parameters: {"id0"=>"root"}
whisper_development['sites'].find({:domain=>"localhost"}, {}).limit(-1)
Rendered sites/show.html.haml within layouts/application (9.1ms)
Completed 200 OK in 22ms (Views: 20.4ms)


Started GET "/sites/4cf1dc2b665fc924ce000002/edit" for 127.0.0.1 at 2010-11-27 21:15:14 -0800
  Processing by SitesController#edit as HTML
  Parameters: {"id"=>"4cf1dc2b665fc924ce000002"}
whisper_development['sites'].find({:domain=>"localhost"}, {}).limit(-1)
Rendered sites/_form.html.haml (10.0ms)
Rendered sites/edit.html.haml within layouts/application (19.3ms)
Completed 200 OK in 32ms (Views: 30.6ms)
admin['$cmd'].find({:ismaster=>1}, {}).limit(-1)
admin['$cmd'].find({:buildinfo=>1}, {}).limit(-1)


Started GET "/sites" for 127.0.0.1 at 2010-11-27 21:42:12 -0800
  Processing by SitesController#index as HTML
whisper_development['sites'].find({:domain=>"localhost"}, {}).limit(-1)
Completed   in 13ms

ActionView::MissingTemplate (Missing layout layouts/index with {:handlers=>[:erb, :rjs, :builder, :rhtml, :rxml, :haml], :formats=>[:html], :locale=>[:en, :en]} in view paths "/home/tyler/ruby/current/whisper/app/views", "/usr/lib/ruby/gems/1.9.2/gems/devise-1.1.3/app/views"):
  app/controllers/sites_controller.rb:6:in `block (2 levels) in index'
  app/controllers/sites_controller.rb:5:in `index'

Rendered /usr/lib/ruby/gems/1.9.2/gems/actionpack-3.0.3/lib/action_dispatch/middleware/templates/rescues/missing_template.erb within rescues/layout (1.0ms)


Started GET "/sites" for 127.0.0.1 at 2010-11-27 21:42:31 -0800
  Processing by SitesController#index as HTML
whisper_development['sites'].find({:domain=>"localhost"}, {}).limit(-1)
Rendered shared/index.html.haml within layouts/application (4.7ms)
Completed   in 18ms

ActionView::Template::Error (Missing partial sites/index.html with {:handlers=>[:erb, :rjs, :builder, :rhtml, :rxml, :haml], :formats=>[:html], :locale=>[:en, :en]} in view paths "/home/tyler/ruby/current/whisper/app/views", "/usr/lib/ruby/gems/1.9.2/gems/devise-1.1.3/app/views"):
    1: = render :partial => "#{controller_name}/#{action_name}.html.haml"
  app/views/shared/index.html.haml:1:in `_app_views_shared_index_html_haml___714842299_85461210__955312449'
  app/controllers/sites_controller.rb:6:in `block (2 levels) in index'
  app/controllers/sites_controller.rb:5:in `index'

Rendered /usr/lib/ruby/gems/1.9.2/gems/actionpack-3.0.3/lib/action_dispatch/middleware/templates/rescues/_trace.erb (1.8ms)
Rendered /usr/lib/ruby/gems/1.9.2/gems/actionpack-3.0.3/lib/action_dispatch/middleware/templates/rescues/_request_and_response.erb (74.6ms)
Rendered /usr/lib/ruby/gems/1.9.2/gems/actionpack-3.0.3/lib/action_dispatch/middleware/templates/rescues/template_error.erb within rescues/layout (83.0ms)


Started GET "/sites" for 127.0.0.1 at 2010-11-27 21:43:05 -0800
  Processing by SitesController#index as HTML
whisper_development['sites'].find({:domain=>"localhost"}, {}).limit(-1)
whisper_development['sites'].find({}, {})
Rendered sites/index.html.haml (9.1ms)
Rendered shared/index.html.haml within layouts/application (16.6ms)
Completed 200 OK in 29ms (Views: 27.6ms)


Started GET "/sites" for 127.0.0.1 at 2010-11-27 21:46:45 -0800
  Processing by SitesController#index as HTML
whisper_development['sites'].find({:domain=>"localhost"}, {}).limit(-1)
Completed   in 13ms

ActionView::MissingTemplate (Missing template sites/blah blah blah with {:handlers=>[:erb, :rjs, :builder, :rhtml, :rxml, :haml], :formats=>[:html], :locale=>[:en, :en]} in view paths "/home/tyler/ruby/current/whisper/app/views", "/usr/lib/ruby/gems/1.9.2/gems/devise-1.1.3/app/views"):
  app/controllers/sites_controller.rb:6:in `block (2 levels) in index'
  app/controllers/sites_controller.rb:5:in `index'

Rendered /usr/lib/ruby/gems/1.9.2/gems/actionpack-3.0.3/lib/action_dispatch/middleware/templates/rescues/missing_template.erb within rescues/layout (0.9ms)


Started GET "/sites/4cf1dc2b665fc924ce000002/edit" for 127.0.0.1 at 2010-11-27 21:52:58 -0800
  Processing by SitesController#edit as HTML
  Parameters: {"id"=>"4cf1dc2b665fc924ce000002"}
whisper_development['sites'].find({:domain=>"localhost"}, {}).limit(-1)
Rendered sites/_form.html.haml (9.7ms)
Rendered sites/edit.html.haml within layouts/application (18.8ms)
Completed 200 OK in 31ms (Views: 29.8ms)
admin['$cmd'].find({:ismaster=>1}, {}).limit(-1)
admin['$cmd'].find({:buildinfo=>1}, {}).limit(-1)
admin['$cmd'].find({:ismaster=>1}, {}).limit(-1)
admin['$cmd'].find({:buildinfo=>1}, {}).limit(-1)
admin['$cmd'].find({:ismaster=>1}, {}).limit(-1)
admin['$cmd'].find({:buildinfo=>1}, {}).limit(-1)
admin['$cmd'].find({:ismaster=>1}, {}).limit(-1)
admin['$cmd'].find({:buildinfo=>1}, {}).limit(-1)
admin['$cmd'].find({:ismaster=>1}, {}).limit(-1)
admin['$cmd'].find({:buildinfo=>1}, {}).limit(-1)
admin['$cmd'].find({:ismaster=>1}, {}).limit(-1)
admin['$cmd'].find({:buildinfo=>1}, {}).limit(-1)
admin['$cmd'].find({:ismaster=>1}, {}).limit(-1)
admin['$cmd'].find({:buildinfo=>1}, {}).limit(-1)
admin['$cmd'].find({:ismaster=>1}, {}).limit(-1)
admin['$cmd'].find({:buildinfo=>1}, {}).limit(-1)


Started GET "/" for 127.0.0.1 at 2010-11-29 18:11:19 -0800
  Processing by SitesController#show as HTML
  Parameters: {"id0"=>"root"}
whisper_development['nodes'].find({:domain=>"localhost", :_type=>{"$in"=>["Site"]}}, {}).limit(-1)
whisper_development['nodes'].find({:domain=>"localhost", :_type=>{"$in"=>["Site"]}}, {}).limit(-1)
Completed   in 168ms

Mongoid::Errors::InvalidOptions (Calling Document#find with nil is invalid):
  

Rendered /usr/lib/ruby/gems/1.9.2/gems/actionpack-3.0.3/lib/action_dispatch/middleware/templates/rescues/_trace.erb (1.6ms)
Rendered /usr/lib/ruby/gems/1.9.2/gems/actionpack-3.0.3/lib/action_dispatch/middleware/templates/rescues/_request_and_response.erb (109.5ms)
Rendered /usr/lib/ruby/gems/1.9.2/gems/actionpack-3.0.3/lib/action_dispatch/middleware/templates/rescues/diagnostics.erb within rescues/layout (118.2ms)


Started GET "/pages" for 127.0.0.1 at 2010-11-29 18:11:28 -0800
  Processing by PagesController#index as HTML
whisper_development['nodes'].find({:domain=>"localhost", :_type=>{"$in"=>["Site"]}}, {}).limit(-1)
whisper_development['nodes'].find({:_type=>{"$in"=>["Site", "Page"]}}, {})
Rendered pages/index.html.haml within layouts/application (253.4ms)
Completed   in 266ms

ActionView::Template::Error (undefined method `user_omniauth_authorize_path' for #<#<Class:0xb0dc61c>:0xb0dad08>):
    12:     - else
    13:       = link_to('Log in', new_user_session_path)
    14:       = link_to "Sign in with Facebook", user_omniauth_authorize_path(:facebook)    
    15:     = yield
  app/views/layouts/application.html.haml:15:in `_app_views_layouts_application_html_haml___796562688_92718530_738778083'

Rendered /usr/lib/ruby/gems/1.9.2/gems/actionpack-3.0.3/lib/action_dispatch/middleware/templates/rescues/_trace.erb (1.5ms)
Rendered /usr/lib/ruby/gems/1.9.2/gems/actionpack-3.0.3/lib/action_dispatch/middleware/templates/rescues/_request_and_response.erb (150.9ms)
Rendered /usr/lib/ruby/gems/1.9.2/gems/actionpack-3.0.3/lib/action_dispatch/middleware/templates/rescues/template_error.erb within rescues/layout (160.0ms)
admin['$cmd'].find({:ismaster=>1}, {}).limit(-1)
admin['$cmd'].find({:buildinfo=>1}, {}).limit(-1)
admin['$cmd'].find({:ismaster=>1}, {}).limit(-1)
admin['$cmd'].find({:buildinfo=>1}, {}).limit(-1)
admin['$cmd'].find({:ismaster=>1}, {}).limit(-1)
admin['$cmd'].find({:buildinfo=>1}, {}).limit(-1)
admin['$cmd'].find({:ismaster=>1}, {}).limit(-1)
admin['$cmd'].find({:buildinfo=>1}, {}).limit(-1)
whisper_development['nodes'].find({:domain=>"localhost", :_type=>{"$in"=>["Site"]}}, {}).limit(-1)
admin['$cmd'].find({:ismaster=>1}, {}).limit(-1)
admin['$cmd'].find({:buildinfo=>1}, {}).limit(-1)
whisper_development['$cmd'].find({"count"=>"nodes", "query"=>{:parent_id=>nil, :path_fragment=>"boofar"}, "fields"=>nil}, {}).limit(-1)
whisper_development['nodes'].find({"parent_id"=>BSON::ObjectId('4cf494ff665fc94478000001')}, {}).sort([[:position, :asc]])
whisper_development['nodes'].find({:parent_id=>nil, :_id=>{"$ne"=>BSON::ObjectId('4cf494ff665fc94478000001')}}, {:_id=>1}).limit(-1)
MONGODB whisper_development['nodes'].insert([{"parent_ids"=>[], "_id"=>BSON::ObjectId('4cf494ff665fc94478000001'), "_type"=>"Site", "name"=>"boofar", "path_fragment"=>"boofar", "created_at"=>2010-11-30 06:09:35 UTC, "parent_id"=>nil, "updated_at"=>2010-11-30 06:09:35 UTC, "position"=>0}])
whisper_development['nodes'].find({:name=>"boofar", :_type=>{"$in"=>["Site"]}}, {}).limit(-1)
whisper_development['nodes'].find({:domain=>"boofar", :_type=>{"$in"=>["Site"]}}, {}).limit(-1)
whisper_development['$cmd'].find({"count"=>"nodes", "query"=>{:parent_id=>nil, :path_fragment=>"sdfa"}, "fields"=>nil}, {}).limit(-1)
whisper_development['nodes'].find({"parent_id"=>BSON::ObjectId('4cf49601665fc94478000002')}, {}).sort([[:position, :asc]])
whisper_development['nodes'].find({:parent_id=>nil, :_id=>{"$ne"=>BSON::ObjectId('4cf49601665fc94478000002')}}, {:_id=>1}).limit(-1)
whisper_development['nodes'].find({:parent_id=>nil, :_id=>{"$ne"=>BSON::ObjectId('4cf49601665fc94478000002')}}, {})
whisper_development['$cmd'].find({"group"=>{"ns"=>"nodes", "$reduce"=><BSON::Code:84507590 @data="function(obj, prev) { if (prev.max == 'start') { prev.max = obj.position; } if (prev.max < obj.position) { prev.max = obj.position; } }" @scope="{}">, "cond"=>{:parent_id=>nil, :_id=>{"$ne"=>BSON::ObjectId('4cf49601665fc94478000002')}}, "initial"=>{:max=>"start"}}}, {}).limit(-1)
MONGODB whisper_development['nodes'].insert([{"parent_ids"=>[], "name"=>"sdfa", "_id"=>BSON::ObjectId('4cf49601665fc94478000002'), "_type"=>"Site", "path_fragment"=>"sdfa", "created_at"=>2010-11-30 06:13:21 UTC, "parent_id"=>nil, "updated_at"=>2010-11-30 06:13:21 UTC, "position"=>1}])
whisper_development['nodes'].find({"parent_id"=>BSON::ObjectId('4cf494ff665fc94478000001')}, {}).sort([[:position, :asc]])
whisper_development['$cmd'].find({"count"=>"nodes", "query"=>{:parent_id=>nil, :path_fragment=>"sdfa"}, "fields"=>nil}, {}).limit(-1)
whisper_development['nodes'].find({"parent_id"=>BSON::ObjectId('4cf494ff665fc94478000001')}, {}).sort([[:position, :asc]])
whisper_development['$cmd'].find({"count"=>"nodes", "query"=>{:parent_id=>nil, :path_fragment=>"boofar"}, "fields"=>nil}, {}).limit(-1)
whisper_development['$cmd'].find({"count"=>"nodes", "query"=>{:parent_id=>nil, :path_fragment=>"sdfasdg"}, "fields"=>nil}, {}).limit(-1)
MONGODB whisper_development['nodes'].update({"_id"=>BSON::ObjectId('4cf494ff665fc94478000001')}, {"$set"=>{"name"=>"sdfasdg", "updated_at"=>2010-11-30 06:13:57 UTC}})
whisper_development['nodes'].find({:_type=>{"$in"=>["Site"]}}, {}).limit(-1).sort([[:_id, :desc]])
whisper_development['nodes'].find({"parent_id"=>BSON::ObjectId('4cf49601665fc94478000002')}, {}).sort([[:position, :asc]])
whisper_development['nodes'].find({"parent_id"=>BSON::ObjectId('4cf49601665fc94478000002')}, {}).sort([[:position, :asc]])
whisper_development['$cmd'].find({"count"=>"nodes", "query"=>{:parent_id=>BSON::ObjectId('4cf49601665fc94478000002'), :path_fragment=>"findasf"}, "fields"=>nil}, {}).limit(-1)
whisper_development['nodes'].find({"parent_id"=>BSON::ObjectId('4cf49671665fc94478000004')}, {}).sort([[:position, :asc]])
whisper_development['nodes'].find({:parent_id=>BSON::ObjectId('4cf49601665fc94478000002'), :_id=>{"$ne"=>BSON::ObjectId('4cf49671665fc94478000004')}}, {:_id=>1}).limit(-1)
whisper_development['nodes'].find({:parent_id=>nil, :position=>{"$gt"=>0}, :_id=>{"$ne"=>BSON::ObjectId('4cf49671665fc94478000004')}}, {})
MONGODB whisper_development['nodes'].update({"_id"=>BSON::ObjectId('4cf49601665fc94478000002')}, {"$inc"=>{:position=>-1}})
MONGODB whisper_development['nodes'].insert([{"parent_ids"=>[BSON::ObjectId('4cf49601665fc94478000002')], "name"=>"findasf", "_id"=>BSON::ObjectId('4cf49671665fc94478000004'), "_type"=>"Site", "parent_id"=>BSON::ObjectId('4cf49601665fc94478000002'), "path_fragment"=>"findasf", "created_at"=>2010-11-30 06:15:13 UTC, "updated_at"=>2010-11-30 06:15:13 UTC, "position"=>0}])
whisper_development['nodes'].find({:parent_id=>BSON::ObjectId('4cf49671665fc94478000004')}, {})
whisper_development['$cmd'].find({"count"=>"nodes", "query"=>{:parent_id=>nil, :path_fragment=>"sdfasdg"}, "fields"=>nil}, {}).limit(-1)
MONGODB whisper_development['nodes'].update({"_id"=>BSON::ObjectId('4cf494ff665fc94478000001')}, {"$set"=>{"updated_at"=>2010-11-30 06:15:22 UTC}})
whisper_development['nodes'].find({"parent_id"=>BSON::ObjectId('4cf49601665fc94478000002')}, {}).sort([[:position, :asc]])
whisper_development['$cmd'].find({"count"=>"nodes", "query"=>{:parent_id=>BSON::ObjectId('4cf49601665fc94478000002'), :path_fragment=>"findsdfsdgahg"}, "fields"=>nil}, {}).limit(-1)
whisper_development['nodes'].find({"parent_id"=>BSON::ObjectId('4cf49684665fc94478000005')}, {}).sort([[:position, :asc]])
whisper_development['nodes'].find({:parent_id=>BSON::ObjectId('4cf49601665fc94478000002'), :_id=>{"$ne"=>BSON::ObjectId('4cf49684665fc94478000005')}}, {:_id=>1}).limit(-1)
whisper_development['nodes'].find({:parent_id=>BSON::ObjectId('4cf49601665fc94478000002'), :_id=>{"$ne"=>BSON::ObjectId('4cf49684665fc94478000005')}}, {})
whisper_development['$cmd'].find({"group"=>{"ns"=>"nodes", "$reduce"=><BSON::Code:99610530 @data="function(obj, prev) { if (prev.max == 'start') { prev.max = obj.position; } if (prev.max < obj.position) { prev.max = obj.position; } }" @scope="{}">, "cond"=>{:parent_id=>BSON::ObjectId('4cf49601665fc94478000002'), :_id=>{"$ne"=>BSON::ObjectId('4cf49684665fc94478000005')}}, "initial"=>{:max=>"start"}}}, {}).limit(-1)
whisper_development['nodes'].find({:parent_id=>nil, :position=>{"$gt"=>0}, :_id=>{"$ne"=>BSON::ObjectId('4cf49684665fc94478000005')}}, {})
MONGODB whisper_development['nodes'].insert([{"parent_ids"=>[BSON::ObjectId('4cf49601665fc94478000002')], "name"=>"findsdfsdgahg", "_id"=>BSON::ObjectId('4cf49684665fc94478000005'), "_type"=>"Node", "parent_id"=>BSON::ObjectId('4cf49601665fc94478000002'), "path_fragment"=>"findsdfsdgahg", "created_at"=>2010-11-30 06:15:32 UTC, "updated_at"=>2010-11-30 06:15:32 UTC, "position"=>1}])
whisper_development['nodes'].find({:parent_id=>BSON::ObjectId('4cf49684665fc94478000005')}, {})
whisper_development['$cmd'].find({"count"=>"nodes", "query"=>{:parent_id=>nil, :path_fragment=>"sdfasdg"}, "fields"=>nil}, {}).limit(-1)
MONGODB whisper_development['nodes'].update({"_id"=>BSON::ObjectId('4cf494ff665fc94478000001')}, {"$set"=>{"updated_at"=>2010-11-30 06:15:36 UTC}})
whisper_development['$cmd'].find({"count"=>"nodes", "query"=>{:parent_id=>nil, :path_fragment=>"sdfa"}, "fields"=>nil}, {}).limit(-1)
admin['$cmd'].find({:ismaster=>1}, {}).limit(-1)
admin['$cmd'].find({:buildinfo=>1}, {}).limit(-1)
whisper_development['nodes'].find({:_type=>{"$in"=>["Site"]}}, {}).limit(-1).sort([[:_id, :desc]])
whisper_development['nodes'].find({"parent_id"=>BSON::ObjectId('4cf49671665fc94478000004')}, {}).sort([[:position, :asc]])
whisper_development['nodes'].find({"parent_id"=>BSON::ObjectId('4cf49671665fc94478000004')}, {}).sort([[:position, :asc]])
whisper_development['nodes'].find({:_id=>BSON::ObjectId('4cf49601665fc94478000002')}, {}).limit(-1)
whisper_development['$cmd'].find({"count"=>"nodes", "query"=>{:id=>{"$ne"=>BSON::ObjectId('4cf49671665fc94478000004')}, :parent_id=>BSON::ObjectId('4cf49601665fc94478000002'), :path_fragment=>"findasf"}, "fields"=>nil}, {}).limit(-1)
whisper_development['nodes'].find({"parent_id"=>BSON::ObjectId('4cf49671665fc94478000004')}, {}).sort([[:position, :asc]])
whisper_development['nodes'].find({"parent_id"=>BSON::ObjectId('4cf49671665fc94478000004')}, {}).limit(-1).sort([[:position, :asc]])
whisper_development['$cmd'].find({"count"=>"nodes", "query"=>{:id=>{"$ne"=>BSON::ObjectId('4cf49671665fc94478000004')}, :parent_id=>BSON::ObjectId('4cf49601665fc94478000002'), :path_fragment=>"findasf"}, "fields"=>nil}, {}).limit(-1)
whisper_development['$cmd'].find({"count"=>"nodes", "query"=>{:id=>{"$ne"=>BSON::ObjectId('4cf49671665fc94478000004')}, :parent_id=>BSON::ObjectId('4cf49601665fc94478000002'), :path_fragment=>"findasf"}, "fields"=>nil}, {}).limit(-1)
whisper_development['nodes'].find({:id=>{"$ne"=>BSON::ObjectId('4cf49671665fc94478000004')}, :parent_id=>BSON::ObjectId('4cf49601665fc94478000002'), :path_fragment=>"findasf"}, {}).limit(-1)
whisper_development['nodes'].find({:_id=>BSON::ObjectId('4cf49671665fc94478000004')}, {}).limit(-1)
whisper_development['nodes'].find({:id=>{"$ne"=>BSON::ObjectId('4cf49671665fc94478000004')}}, {}).limit(-1)
whisper_development['nodes'].find({:id=>{"$ne"=>BSON::ObjectId('4cf49671665fc94478000004')}, :parent_id=>BSON::ObjectId('4cf49601665fc94478000002')}, {}).limit(-1)
whisper_development['nodes'].find({:id=>{"$ne"=>BSON::ObjectId('4cf49671665fc94478000004')}, :parent_id=>BSON::ObjectId('4cf49601665fc94478000002'), :path_fragment=>"findasf"}, {}).limit(-1)
whisper_development['nodes'].find({:id=>{"$ne"=>BSON::ObjectId('4cf49671665fc94478000004')}, :parent_id=>BSON::ObjectId('4cf49601665fc94478000002'), :path_fragment=>"findasf"}, {}).limit(-1)
whisper_development['nodes'].find({:id=>{"$ne"=>BSON::ObjectId('4cf49671665fc94478000004')}, :parent_id=>{"$in"=>BSON::ObjectId('4cf49601665fc94478000002')}, :path_fragment=>{"$in"=>"findasf"}}, {}).limit(-1)
whisper_development['nodes'].find({:id=>{"$ne"=>BSON::ObjectId('4cf49671665fc94478000004')}, :parent_id=>BSON::ObjectId('4cf49601665fc94478000002'), :path_fragment=>"findasf"}, {}).limit(-1)
whisper_development['nodes'].find({:_id=>{"$ne"=>BSON::ObjectId('4cf49671665fc94478000004')}, :parent_id=>BSON::ObjectId('4cf49601665fc94478000002'), :path_fragment=>"findasf"}, {}).limit(-1)
whisper_development['$cmd'].find({"count"=>"nodes", "query"=>{:_id=>{"$ne"=>BSON::ObjectId('4cf49671665fc94478000004')}, :parent_id=>BSON::ObjectId('4cf49601665fc94478000002'), :path_fragment=>"findasf"}, "fields"=>nil}, {}).limit(-1)
admin['$cmd'].find({:ismaster=>1}, {}).limit(-1)
admin['$cmd'].find({:buildinfo=>1}, {}).limit(-1)
whisper_development['nodes'].find({:_type=>{"$in"=>["Site"]}}, {}).limit(-1).sort([[:_id, :desc]])
whisper_development['nodes'].find({:_id=>BSON::ObjectId('4cf49601665fc94478000002')}, {}).limit(-1)
whisper_development['$cmd'].find({"count"=>"nodes", "query"=>{:_id=>{"$ne"=>BSON::ObjectId('4cf49671665fc94478000004')}, :parent_id=>BSON::ObjectId('4cf49601665fc94478000002'), :path_fragment=>"findasf"}, "fields"=>nil}, {}).limit(-1)
MONGODB whisper_development['nodes'].update({"_id"=>BSON::ObjectId('4cf49671665fc94478000004')}, {"$set"=>{"updated_at"=>2010-11-30 06:32:25 UTC}})
whisper_development['$cmd'].find({"count"=>"nodes", "query"=>{:_id=>{"$ne"=>BSON::ObjectId('4cf49601665fc94478000002')}, :parent_id=>nil, :path_fragment=>"sdfa"}, "fields"=>nil}, {}).limit(-1)
MONGODB whisper_development['nodes'].update({"_id"=>BSON::ObjectId('4cf49601665fc94478000002')}, {"$set"=>{"updated_at"=>2010-11-30 06:32:41 UTC}})
admin['$cmd'].find({:ismaster=>1}, {}).limit(-1)
admin['$cmd'].find({:buildinfo=>1}, {}).limit(-1)
whisper_development['nodes'].find({:_type=>{"$in"=>["Site"]}}, {}).limit(-1).sort([[:_id, :desc]])
whisper_development['nodes'].find({:_type=>{"$in"=>["Site"]}}, {}).limit(-1).sort([[:_id, :desc]])
whisper_development['nodes'].find({:_id=>BSON::ObjectId('4cf49601665fc94478000002')}, {}).limit(-1)
whisper_development['nodes'].find({"parent_id"=>BSON::ObjectId('4cf49601665fc94478000002')}, {}).limit(-1).sort([[:position, :asc]])
whisper_development['$cmd'].find({"count"=>"nodes", "query"=>{:parent_ids=>BSON::ObjectId('4cf49601665fc94478000002')}, "fields"=>nil}, {}).limit(-1)
admin['$cmd'].find({:ismaster=>1}, {}).limit(-1)
admin['$cmd'].find({:buildinfo=>1}, {}).limit(-1)
whisper_development['nodes'].find({:_type=>{"$in"=>["Site"]}, :_id=>BSON::ObjectId('4cf49601665fc94478000002')}, {}).limit(-1)
admin['$cmd'].find({:ismaster=>1}, {}).limit(-1)
admin['$cmd'].find({:buildinfo=>1}, {}).limit(-1)
admin['$cmd'].find({:ismaster=>1}, {}).limit(-1)
admin['$cmd'].find({:buildinfo=>1}, {}).limit(-1)
admin['$cmd'].find({:ismaster=>1}, {}).limit(-1)
admin['$cmd'].find({:buildinfo=>1}, {}).limit(-1)
admin['$cmd'].find({:ismaster=>1}, {}).limit(-1)
admin['$cmd'].find({:buildinfo=>1}, {}).limit(-1)


Started GET "/pages" for 127.0.0.1 at 2011-01-09 19:36:50 -0800
  Processing by PagesController#index as HTML
whisper_development['nodes'].find({:domain=>"localhost", :_type=>{"$in"=>["Site"]}}, {}).limit(-1)
whisper_development['nodes'].find({:_type=>{"$in"=>["Site", "Page"]}}, {})
Rendered pages/index.html.haml within layouts/application (14.2ms)
Completed 200 OK in 184ms (Views: 22.1ms)
admin['$cmd'].find({:ismaster=>1}, {}).limit(-1)
admin['$cmd'].find({:buildinfo=>1}, {}).limit(-1)
